2025-06-25 07:59:50,344 [INFO] Received file upload: Splunk_training_Layout.pptx
2025-06-25 07:59:50,348 [INFO] Found 9 slide(s) to scan for descriptions
2025-06-25 07:59:50,351 [INFO] Checking Slide 1
2025-06-25 07:59:50,353 [INFO] Checking Slide 2
2025-06-25 07:59:50,353 [INFO] Checking Slide 3
2025-06-25 07:59:50,354 [INFO] Checking Slide 4
2025-06-25 07:59:50,354 [INFO] Checking Slide 5
2025-06-25 07:59:50,355 [INFO] Checking Slide 6
2025-06-25 07:59:50,355 [INFO] Checking Slide 7
2025-06-25 07:59:50,356 [INFO] Checking Slide 8
2025-06-25 07:59:50,356 [INFO] Checking Slide 9
2025-06-25 09:26:42,101 [INFO] Received file upload: Gen_AI_Buehlmeier_2024 mit Abbildungen animiert.pptx
2025-06-25 09:26:42,108 [INFO] Found 61 slide(s) to scan for descriptions
2025-06-25 09:27:21,433 [INFO] Received file upload: Gen_AI_Buehlmeier_2024 mit Abbildungen animiert.pptx
2025-06-25 09:27:21,436 [INFO] Found 61 slide(s) to scan for descriptions
2025-06-25 09:27:21,457 [INFO] Checking Slide 1
2025-06-25 09:27:21,457 [INFO] Checking Slide 2
2025-06-25 09:27:21,458 [INFO] Checking Slide 3
2025-06-25 09:27:21,459 [INFO] Checking Slide 4
2025-06-25 09:27:21,459 [INFO] Checking Slide 5
2025-06-25 09:27:21,460 [INFO] Checking Slide 6
2025-06-25 09:27:21,461 [INFO] Checking Slide 7
2025-06-25 09:27:21,935 [INFO] Checking Slide 8
2025-06-25 09:27:21,936 [INFO] Checking Slide 9
2025-06-25 09:27:21,936 [INFO] Checking Slide 10
2025-06-25 09:27:21,937 [INFO] Checking Slide 11
2025-06-25 09:27:21,937 [INFO] Checking Slide 12
2025-06-25 09:27:21,938 [INFO] Checking Slide 13
2025-06-25 09:27:21,938 [INFO] Checking Slide 14
2025-06-25 09:27:21,939 [INFO] Checking Slide 15
2025-06-25 09:27:21,939 [INFO] Checking Slide 16
2025-06-25 09:27:21,940 [INFO] Checking Slide 17
2025-06-25 09:27:21,940 [INFO] Checking Slide 18
2025-06-25 09:27:21,941 [INFO] Checking Slide 19
2025-06-25 09:27:22,646 [INFO] Checking Slide 20
2025-06-25 09:27:22,648 [INFO] Checking Slide 21
2025-06-25 09:27:22,649 [INFO] Checking Slide 22
2025-06-25 09:27:23,227 [INFO] Checking Slide 23
2025-06-25 09:27:23,228 [INFO] Checking Slide 24
2025-06-25 09:27:23,228 [INFO] Checking Slide 25
2025-06-25 09:27:24,301 [INFO] Checking Slide 26
2025-06-25 09:27:24,302 [INFO] Checking Slide 27
2025-06-25 09:27:24,302 [INFO] Checking Slide 28
2025-06-25 09:27:24,302 [INFO] Checking Slide 29
2025-06-25 09:27:24,304 [INFO] Checking Slide 30
2025-06-25 09:27:24,305 [INFO] Checking Slide 31
2025-06-25 09:27:25,224 [INFO] Checking Slide 32
2025-06-25 09:27:25,305 [INFO] Checking Slide 33
2025-06-25 09:27:25,306 [INFO] Checking Slide 34
2025-06-25 09:27:25,307 [INFO] Checking Slide 35
2025-06-25 09:27:25,308 [INFO] Checking Slide 36
2025-06-25 09:27:25,310 [INFO] Checking Slide 37
2025-06-25 09:27:25,313 [INFO] Checking Slide 38
2025-06-25 09:27:25,313 [INFO] Checking Slide 39
2025-06-25 09:27:25,314 [INFO] Checking Slide 40
2025-06-25 09:27:25,315 [INFO] Checking Slide 41
2025-06-25 09:27:25,316 [INFO] Checking Slide 42
2025-06-25 09:27:25,318 [INFO] Checking Slide 43
2025-06-25 09:27:25,319 [INFO] Checking Slide 44
2025-06-25 09:27:25,321 [INFO] Checking Slide 45
2025-06-25 09:27:25,323 [INFO] Checking Slide 46
2025-06-25 09:27:25,324 [INFO] Checking Slide 47
2025-06-25 09:27:25,325 [INFO] Checking Slide 48
2025-06-25 09:27:25,326 [INFO] Checking Slide 49
2025-06-25 09:27:25,326 [INFO] Checking Slide 50
2025-06-25 09:27:25,327 [INFO] Checking Slide 51
2025-06-25 09:27:25,327 [INFO] Checking Slide 52
2025-06-25 09:27:25,327 [INFO] Checking Slide 53
2025-06-25 09:27:25,328 [INFO] Checking Slide 54
2025-06-25 09:27:25,328 [INFO] Checking Slide 55
2025-06-25 09:27:25,329 [INFO] Checking Slide 56
2025-06-25 09:27:25,329 [INFO] Checking Slide 57
2025-06-25 09:27:25,330 [INFO] Checking Slide 58
2025-06-25 09:27:25,330 [INFO] Checking Slide 59
2025-06-25 09:27:25,330 [INFO] Checking Slide 60
2025-06-25 09:27:25,332 [INFO] Checking Slide 61
2025-06-25 09:29:00,466 [INFO] Received file upload: Gen_AI_Buehlmeier_2024 mit Abbildungen animiert.pptx
2025-06-25 09:29:00,470 [INFO] Found 61 slide(s) to scan for descriptions
2025-06-25 09:29:00,490 [INFO] Checking Slide 1
2025-06-25 09:29:00,491 [INFO] Checking Slide 2
2025-06-25 09:29:00,491 [INFO] Checking Slide 3
2025-06-25 09:29:00,492 [INFO] Checking Slide 4
2025-06-25 09:29:00,493 [INFO] Checking Slide 5
2025-06-25 09:29:00,493 [INFO] Checking Slide 6
2025-06-25 09:29:00,494 [INFO] Checking Slide 7
2025-06-25 09:29:00,683 [INFO] Checking Slide 8
2025-06-25 09:29:00,684 [INFO] Checking Slide 9
2025-06-25 09:29:00,685 [INFO] Checking Slide 10
2025-06-25 09:29:00,685 [INFO] Checking Slide 11
2025-06-25 09:29:00,686 [INFO] Checking Slide 12
2025-06-25 09:29:00,686 [INFO] Checking Slide 13
2025-06-25 09:29:00,687 [INFO] Checking Slide 14
2025-06-25 09:29:00,687 [INFO] Checking Slide 15
2025-06-25 09:29:00,688 [INFO] Checking Slide 16
2025-06-25 09:29:00,688 [INFO] Checking Slide 17
2025-06-25 09:29:00,689 [INFO] Checking Slide 18
2025-06-25 09:29:00,689 [INFO] Checking Slide 19
2025-06-25 09:29:01,800 [INFO] Checking Slide 20
2025-06-25 09:29:01,800 [INFO] Checking Slide 21
2025-06-25 09:29:01,801 [INFO] Checking Slide 22
2025-06-25 09:29:02,275 [INFO] Checking Slide 23
2025-06-25 09:29:02,276 [INFO] Checking Slide 24
2025-06-25 09:29:02,277 [INFO] Checking Slide 25
2025-06-25 09:29:03,322 [INFO] Checking Slide 26
2025-06-25 09:29:03,324 [INFO] Checking Slide 27
2025-06-25 09:29:03,325 [INFO] Checking Slide 28
2025-06-25 09:29:03,327 [INFO] Checking Slide 29
2025-06-25 09:29:03,331 [INFO] Checking Slide 30
2025-06-25 09:29:03,335 [INFO] Checking Slide 31
2025-06-25 09:29:04,203 [INFO] Checking Slide 32
2025-06-25 09:29:04,289 [INFO] Checking Slide 33
2025-06-25 09:29:04,290 [INFO] Checking Slide 34
2025-06-25 09:29:04,292 [INFO] Checking Slide 35
2025-06-25 09:29:04,293 [INFO] Checking Slide 36
2025-06-25 09:29:04,296 [INFO] Checking Slide 37
2025-06-25 09:29:04,299 [INFO] Checking Slide 38
2025-06-25 09:29:04,300 [INFO] Checking Slide 39
2025-06-25 09:29:04,301 [INFO] Checking Slide 40
2025-06-25 09:29:04,302 [INFO] Checking Slide 41
2025-06-25 09:29:04,303 [INFO] Checking Slide 42
2025-06-25 09:29:04,305 [INFO] Checking Slide 43
2025-06-25 09:29:04,306 [INFO] Checking Slide 44
2025-06-25 09:29:04,308 [INFO] Checking Slide 45
2025-06-25 09:29:04,312 [INFO] Checking Slide 46
2025-06-25 09:29:04,314 [INFO] Checking Slide 47
2025-06-25 09:29:04,316 [INFO] Checking Slide 48
2025-06-25 09:29:04,317 [INFO] Checking Slide 49
2025-06-25 09:29:04,318 [INFO] Checking Slide 50
2025-06-25 09:29:04,319 [INFO] Checking Slide 51
2025-06-25 09:29:04,319 [INFO] Checking Slide 52
2025-06-25 09:29:04,319 [INFO] Checking Slide 53
2025-06-25 09:29:04,320 [INFO] Checking Slide 54
2025-06-25 09:29:04,321 [INFO] Checking Slide 55
2025-06-25 09:29:04,321 [INFO] Checking Slide 56
2025-06-25 09:29:04,322 [INFO] Checking Slide 57
2025-06-25 09:29:04,322 [INFO] Checking Slide 58
2025-06-25 09:29:04,322 [INFO] Checking Slide 59
2025-06-25 09:29:04,323 [INFO] Checking Slide 60
2025-06-25 09:29:04,324 [INFO] Checking Slide 61
2025-06-25 09:29:26,436 [INFO] Received file upload: Gen_AI_Buehlmeier_2024 mit Abbildungen animiert.pptx
2025-06-25 09:29:26,441 [INFO] Checking Slide 1
2025-06-25 09:29:26,441 [INFO] Checking Slide 2
2025-06-25 09:29:26,442 [INFO] Checking Slide 3
2025-06-25 09:29:26,443 [INFO] Checking Slide 4
2025-06-25 09:29:26,443 [INFO] Checking Slide 5
2025-06-25 09:29:26,444 [INFO] Checking Slide 6
2025-06-25 09:29:26,444 [INFO] Checking Slide 7
2025-06-25 09:29:26,622 [INFO] Checking Slide 8
2025-06-25 09:29:26,623 [INFO] Checking Slide 9
2025-06-25 09:29:26,625 [INFO] Checking Slide 10
2025-06-25 09:29:26,626 [INFO] Checking Slide 11
2025-06-25 09:29:26,627 [INFO] Checking Slide 12
2025-06-25 09:29:26,628 [INFO] Checking Slide 13
2025-06-25 09:29:26,629 [INFO] Checking Slide 14
2025-06-25 09:29:26,630 [INFO] Checking Slide 15
2025-06-25 09:29:26,631 [INFO] Checking Slide 16
2025-06-25 09:29:26,632 [INFO] Checking Slide 17
2025-06-25 09:29:26,633 [INFO] Checking Slide 18
2025-06-25 09:29:26,634 [INFO] Checking Slide 19
2025-06-25 09:29:27,537 [INFO] Checking Slide 20
2025-06-25 09:29:27,538 [INFO] Checking Slide 21
2025-06-25 09:29:27,539 [INFO] Checking Slide 22
2025-06-25 09:29:28,068 [INFO] Checking Slide 23
2025-06-25 09:29:28,069 [INFO] Checking Slide 24
2025-06-25 09:29:28,070 [INFO] Checking Slide 25
2025-06-25 09:29:29,059 [INFO] Checking Slide 26
2025-06-25 09:29:29,061 [INFO] Checking Slide 27
2025-06-25 09:29:29,063 [INFO] Checking Slide 28
2025-06-25 09:29:29,065 [INFO] Checking Slide 29
2025-06-25 09:29:29,071 [INFO] Checking Slide 30
2025-06-25 09:29:29,075 [INFO] Checking Slide 31
2025-06-25 09:29:29,930 [INFO] Checking Slide 32
2025-06-25 09:29:29,995 [INFO] Checking Slide 33
2025-06-25 09:29:29,995 [INFO] Checking Slide 34
2025-06-25 09:29:29,997 [INFO] Checking Slide 35
2025-06-25 09:29:29,997 [INFO] Checking Slide 36
2025-06-25 09:29:29,999 [INFO] Checking Slide 37
2025-06-25 09:29:30,000 [INFO] Checking Slide 38
2025-06-25 09:29:30,001 [INFO] Checking Slide 39
2025-06-25 09:29:30,001 [INFO] Checking Slide 40
2025-06-25 09:29:30,002 [INFO] Checking Slide 41
2025-06-25 09:29:30,002 [INFO] Checking Slide 42
2025-06-25 09:29:30,003 [INFO] Checking Slide 43
2025-06-25 09:29:30,004 [INFO] Checking Slide 44
2025-06-25 09:29:30,005 [INFO] Checking Slide 45
2025-06-25 09:29:30,007 [INFO] Checking Slide 46
2025-06-25 09:29:30,008 [INFO] Checking Slide 47
2025-06-25 09:29:30,009 [INFO] Checking Slide 48
2025-06-25 09:29:30,010 [INFO] Checking Slide 49
2025-06-25 09:29:30,010 [INFO] Checking Slide 50
2025-06-25 09:29:30,010 [INFO] Checking Slide 51
2025-06-25 09:29:30,011 [INFO] Checking Slide 52
2025-06-25 09:29:30,011 [INFO] Checking Slide 53
2025-06-25 09:29:30,012 [INFO] Checking Slide 54
2025-06-25 09:29:30,012 [INFO] Checking Slide 55
2025-06-25 09:29:30,012 [INFO] Checking Slide 56
2025-06-25 09:29:30,013 [INFO] Checking Slide 57
2025-06-25 09:29:30,013 [INFO] Checking Slide 58
2025-06-25 09:29:30,014 [INFO] Checking Slide 59
2025-06-25 09:29:30,014 [INFO] Checking Slide 60
2025-06-25 09:29:30,016 [INFO] Checking Slide 61
2025-06-25 13:21:05,436 [INFO] Received file upload: Gen_AI_Buehlmeier_2024 mit Abbildungen animiert.pptx
2025-06-25 13:21:05,443 [INFO] Found 61 slide(s) to scan for descriptions
2025-06-25 13:21:05,859 [INFO] Checking Slide 1
2025-06-25 13:21:05,860 [INFO] Checking Slide 2
2025-06-25 13:21:05,860 [INFO] Checking Slide 3
2025-06-25 13:21:05,861 [INFO] Checking Slide 4
2025-06-25 13:21:05,862 [INFO] Checking Slide 5
2025-06-25 13:21:05,863 [INFO] Checking Slide 6
2025-06-25 13:21:05,864 [INFO] Checking Slide 7
2025-06-25 13:21:05,881 [INFO] Checking Slide 8
2025-06-25 13:21:05,882 [INFO] Checking Slide 9
2025-06-25 13:21:05,883 [INFO] Checking Slide 10
2025-06-25 13:21:05,883 [INFO] Checking Slide 11
2025-06-25 13:21:05,884 [INFO] Checking Slide 12
2025-06-25 13:21:05,885 [INFO] Checking Slide 13
2025-06-25 13:21:05,885 [INFO] Checking Slide 14
2025-06-25 13:21:05,886 [INFO] Checking Slide 15
2025-06-25 13:21:05,886 [INFO] Checking Slide 16
2025-06-25 13:21:05,886 [INFO] Checking Slide 17
2025-06-25 13:21:05,887 [INFO] Checking Slide 18
2025-06-25 13:21:05,887 [INFO] Checking Slide 19
2025-06-25 13:21:05,889 [INFO] Checking Slide 20
2025-06-25 13:21:05,890 [INFO] Checking Slide 21
2025-06-25 13:21:05,890 [INFO] Checking Slide 22
2025-06-25 13:21:05,892 [INFO] Checking Slide 23
2025-06-25 13:21:05,893 [INFO] Checking Slide 24
2025-06-25 13:21:05,893 [INFO] Checking Slide 25
2025-06-25 13:21:05,899 [INFO] Checking Slide 26
2025-06-25 13:21:05,899 [INFO] Checking Slide 27
2025-06-25 13:21:05,900 [INFO] Checking Slide 28
2025-06-25 13:21:05,900 [INFO] Checking Slide 29
2025-06-25 13:21:05,902 [INFO] Checking Slide 30
2025-06-25 13:21:05,903 [INFO] Checking Slide 31
2025-06-25 13:21:05,905 [INFO] Checking Slide 32
2025-06-25 13:21:05,906 [INFO] Checking Slide 33
2025-06-25 13:21:05,907 [INFO] Checking Slide 34
2025-06-25 13:21:05,908 [INFO] Checking Slide 35
2025-06-25 13:21:05,909 [INFO] Checking Slide 36
2025-06-25 13:21:05,910 [INFO] Checking Slide 37
2025-06-25 13:21:05,912 [INFO] Checking Slide 38
2025-06-25 13:21:05,912 [INFO] Checking Slide 39
2025-06-25 13:21:05,913 [INFO] Checking Slide 40
2025-06-25 13:21:05,913 [INFO] Checking Slide 41
2025-06-25 13:21:05,914 [INFO] Checking Slide 42
2025-06-25 13:21:05,915 [INFO] Checking Slide 43
2025-06-25 13:21:05,916 [INFO] Checking Slide 44
2025-06-25 13:21:05,917 [INFO] Checking Slide 45
2025-06-25 13:21:05,918 [INFO] Checking Slide 46
2025-06-25 13:21:05,919 [INFO] Checking Slide 47
2025-06-25 13:21:05,920 [INFO] Checking Slide 48
2025-06-25 13:21:05,921 [INFO] Checking Slide 49
2025-06-25 13:21:05,921 [INFO] Checking Slide 50
2025-06-25 13:21:05,922 [INFO] Checking Slide 51
2025-06-25 13:21:05,922 [INFO] Checking Slide 52
2025-06-25 13:21:05,923 [INFO] Checking Slide 53
2025-06-25 13:21:05,923 [INFO] Checking Slide 54
2025-06-25 13:21:05,924 [INFO] Checking Slide 55
2025-06-25 13:21:05,924 [INFO] Checking Slide 56
2025-06-25 13:21:05,925 [INFO] Checking Slide 57
2025-06-25 13:21:05,925 [INFO] Checking Slide 58
2025-06-25 13:21:05,926 [INFO] Checking Slide 59
2025-06-25 13:21:05,926 [INFO] Checking Slide 60
2025-06-25 13:21:05,928 [INFO] Checking Slide 61
2025-06-25 13:22:24,111 [INFO] Received file upload: 2024-04-14 Fujitsu Private GPT Solution Training - JPA - Madrid Version.pptx
2025-06-25 13:22:26,971 [INFO] Checking Slide 1
2025-06-25 13:22:26,972 [INFO] Checking Slide 2
2025-06-25 13:22:26,973 [INFO] Checking Slide 3
2025-06-25 13:22:26,975 [INFO] Checking Slide 4
2025-06-25 13:22:26,981 [INFO] Checking Slide 5
2025-06-25 13:22:26,982 [INFO] Checking Slide 6
2025-06-25 13:22:26,984 [INFO] Checking Slide 7
2025-06-25 13:22:26,986 [INFO] Checking Slide 8
2025-06-25 13:22:26,987 [INFO] Checking Slide 9
2025-06-25 13:22:26,988 [INFO] Checking Slide 10
2025-06-25 13:22:26,990 [INFO] Checking Slide 11
2025-06-25 13:22:26,990 [INFO] Checking Slide 12
2025-06-25 13:22:26,991 [INFO] Checking Slide 13
2025-06-25 13:22:26,992 [INFO] Checking Slide 14
2025-06-25 13:22:26,993 [INFO] Checking Slide 15
2025-06-25 13:22:26,996 [INFO] Checking Slide 16
2025-06-25 13:22:26,998 [INFO] Checking Slide 17
2025-06-25 13:22:27,001 [INFO] Checking Slide 18
2025-06-25 13:22:27,006 [INFO] Checking Slide 19
2025-06-25 13:22:27,009 [INFO] Checking Slide 20
2025-06-25 13:22:27,011 [INFO] Checking Slide 21
2025-06-25 13:22:27,013 [INFO] Checking Slide 22
2025-06-25 13:22:27,017 [INFO] Checking Slide 23
2025-06-25 13:22:27,021 [INFO] Checking Slide 24
2025-06-25 13:22:27,025 [INFO] Checking Slide 25
2025-06-25 13:22:27,028 [INFO] Checking Slide 26
2025-06-25 13:22:27,030 [INFO] Checking Slide 27
2025-06-25 13:22:27,032 [INFO] Checking Slide 28
2025-06-25 13:22:27,033 [INFO] Checking Slide 29
2025-06-25 13:22:27,035 [INFO] Checking Slide 30
2025-06-25 13:22:27,038 [INFO] Checking Slide 31
2025-06-25 13:22:27,040 [INFO] Checking Slide 32
2025-06-25 13:22:27,041 [INFO] Checking Slide 33
2025-06-25 13:22:27,043 [INFO] Checking Slide 34
2025-06-25 13:22:27,044 [INFO] Checking Slide 35
2025-06-25 13:22:27,045 [INFO] Checking Slide 36
2025-06-25 13:22:27,046 [INFO] Checking Slide 37
2025-06-25 13:22:27,050 [INFO] Checking Slide 38
2025-06-25 13:22:27,053 [INFO] Checking Slide 39
2025-06-25 13:22:27,054 [INFO] Checking Slide 40
2025-06-25 13:22:27,056 [INFO] Checking Slide 41
2025-06-25 13:22:27,058 [INFO] Checking Slide 42
2025-06-25 13:22:27,059 [INFO] Checking Slide 43
2025-06-25 13:22:27,063 [INFO] Checking Slide 44
2025-06-25 13:22:27,140 [INFO] Checking Slide 45
2025-06-25 13:22:27,148 [INFO] Checking Slide 46
2025-06-25 13:22:27,150 [INFO] Checking Slide 47
2025-06-25 13:22:27,151 [INFO] Checking Slide 48
2025-06-25 13:22:27,151 [INFO] Checking Slide 49
2025-06-25 13:22:27,152 [INFO] Checking Slide 50
2025-06-25 13:22:27,154 [INFO] Checking Slide 51
2025-06-25 13:22:27,157 [INFO] Checking Slide 52
2025-06-25 13:22:27,158 [INFO] Checking Slide 53
2025-06-25 13:22:27,159 [INFO] Checking Slide 54
2025-06-25 13:22:27,160 [INFO] Checking Slide 55
2025-06-25 13:22:27,164 [INFO] Checking Slide 56
2025-06-25 13:22:27,170 [INFO] Checking Slide 57
2025-06-25 13:22:27,172 [INFO] Checking Slide 58
2025-06-25 13:22:27,176 [INFO] Checking Slide 59
2025-06-25 13:22:27,181 [INFO] Checking Slide 60
2025-06-25 13:22:27,185 [INFO] Checking Slide 61
2025-06-25 13:22:27,186 [INFO] Checking Slide 62
2025-06-25 13:22:27,188 [INFO] Checking Slide 63
2025-06-25 13:22:27,190 [INFO] Checking Slide 64
2025-06-25 13:22:27,192 [INFO] Checking Slide 65
2025-06-25 13:22:27,193 [INFO] Checking Slide 66
2025-06-25 13:22:27,194 [INFO] Checking Slide 67
2025-06-25 13:22:27,196 [INFO] Checking Slide 68
2025-06-25 13:22:27,197 [INFO] Checking Slide 69
2025-06-25 13:22:27,197 [INFO] Checking Slide 70
2025-06-25 13:22:27,199 [INFO] Checking Slide 71
2025-06-25 13:22:27,201 [INFO] Checking Slide 72
2025-06-25 13:22:27,201 [INFO] Checking Slide 73
2025-06-25 13:22:27,202 [INFO] Checking Slide 74
2025-06-25 13:22:27,203 [INFO] Checking Slide 75
2025-06-25 13:22:27,204 [INFO] Checking Slide 76
2025-06-25 13:22:27,204 [INFO] Checking Slide 77
2025-06-25 13:22:27,205 [INFO] Checking Slide 78
2025-06-25 13:22:27,206 [INFO] Checking Slide 79
2025-06-25 13:22:27,206 [INFO] Checking Slide 80
2025-06-25 13:22:27,207 [INFO] Checking Slide 81
2025-06-25 13:22:27,208 [INFO] Checking Slide 82
2025-06-25 13:22:27,210 [INFO] Checking Slide 83
2025-06-25 13:22:27,218 [INFO] Checking Slide 84
2025-06-25 13:22:27,221 [INFO] Checking Slide 85
2025-06-25 13:22:27,228 [INFO] Checking Slide 86
2025-06-25 13:22:27,237 [INFO] Checking Slide 87
2025-06-25 13:22:27,239 [INFO] Checking Slide 88
2025-06-25 13:22:27,240 [INFO] Checking Slide 89
2025-06-25 13:22:27,241 [INFO] Checking Slide 90
2025-06-25 13:22:27,242 [INFO] Checking Slide 91
2025-06-25 13:22:27,246 [INFO] Checking Slide 92
2025-06-25 13:22:27,250 [INFO] Checking Slide 93
2025-06-25 13:22:27,253 [INFO] Checking Slide 94
2025-06-25 13:22:27,254 [INFO] Checking Slide 95
2025-06-25 13:22:27,255 [INFO] Checking Slide 96
2025-06-25 13:22:27,255 [INFO] Checking Slide 97
2025-06-25 13:22:27,302 [INFO] Checking Slide 98
2025-06-25 13:22:27,303 [INFO] Checking Slide 99
2025-06-25 13:22:27,304 [INFO] Checking Slide 100
2025-06-25 13:22:27,305 [INFO] Checking Slide 101
2025-06-25 13:22:27,306 [INFO] Checking Slide 102
2025-06-25 13:22:27,306 [INFO] Checking Slide 103
2025-06-25 13:22:27,307 [INFO] Checking Slide 104
2025-06-25 13:22:27,308 [INFO] Checking Slide 105
2025-06-25 13:22:27,308 [INFO] Checking Slide 106
2025-06-25 13:22:27,309 [INFO] Checking Slide 107
2025-06-25 13:22:27,313 [INFO] Checking Slide 108
2025-06-25 13:22:27,316 [INFO] Checking Slide 109
2025-06-25 13:22:27,318 [INFO] Checking Slide 110
2025-06-25 13:22:27,319 [INFO] Checking Slide 111
2025-06-25 13:22:27,321 [INFO] Checking Slide 112
2025-06-25 13:22:27,323 [INFO] Checking Slide 113
2025-06-25 13:22:27,324 [INFO] Checking Slide 114
2025-06-25 13:22:27,324 [INFO] Checking Slide 115
2025-06-25 13:22:27,325 [INFO] Checking Slide 116
2025-06-25 13:22:27,327 [INFO] Checking Slide 117
2025-06-25 13:22:27,327 [INFO] Checking Slide 118
2025-06-25 13:22:27,330 [INFO] Checking Slide 119
2025-06-25 13:22:27,331 [INFO] Checking Slide 120
2025-06-25 13:22:27,331 [INFO] Checking Slide 121
2025-06-25 13:22:27,340 [INFO] Checking Slide 122
2025-06-25 13:22:27,343 [INFO] Checking Slide 123
2025-06-25 13:22:27,353 [INFO] Checking Slide 124
2025-06-25 13:22:27,354 [INFO] Checking Slide 125
2025-06-25 13:22:27,355 [INFO] Checking Slide 126
2025-06-25 13:22:27,356 [INFO] Checking Slide 127
2025-06-25 13:22:27,357 [INFO] Checking Slide 128
2025-06-25 13:22:27,358 [INFO] Checking Slide 129
2025-06-25 13:22:27,358 [INFO] Checking Slide 130
2025-06-25 13:22:27,365 [INFO] Checking Slide 131
2025-06-25 13:22:27,371 [INFO] Checking Slide 132
2025-06-25 13:22:27,378 [INFO] Checking Slide 133
2025-06-25 13:22:27,380 [INFO] Checking Slide 134
2025-06-25 13:22:27,381 [INFO] Checking Slide 135
2025-06-25 13:22:27,385 [INFO] Checking Slide 136
2025-06-25 13:22:27,386 [INFO] Checking Slide 137
2025-06-25 13:22:27,387 [INFO] Checking Slide 138
2025-06-25 13:22:27,391 [INFO] Checking Slide 139
2025-06-25 13:22:27,393 [INFO] Checking Slide 140
2025-06-25 13:22:27,393 [INFO] Checking Slide 141
2025-06-25 13:22:27,394 [INFO] Checking Slide 142
2025-06-25 13:22:27,395 [INFO] Checking Slide 143
2025-06-25 13:22:27,397 [INFO] Checking Slide 144
2025-06-25 13:22:27,400 [INFO] Checking Slide 145
2025-06-25 13:22:27,406 [INFO] Checking Slide 146
2025-06-25 13:22:27,407 [INFO] Checking Slide 147
2025-06-25 13:22:27,409 [INFO] Checking Slide 148
2025-06-25 13:22:27,410 [INFO] Checking Slide 149
2025-06-25 13:22:27,411 [INFO] Checking Slide 150
2025-06-25 13:22:27,411 [INFO] Checking Slide 151
2025-06-25 13:22:27,412 [INFO] Checking Slide 152
2025-06-25 13:22:27,413 [INFO] Checking Slide 153
2025-06-25 13:22:27,414 [INFO] Checking Slide 154
2025-06-25 13:22:27,415 [INFO] Checking Slide 155
2025-06-25 13:22:27,416 [INFO] Checking Slide 156
2025-06-25 13:22:27,417 [INFO] Checking Slide 157
2025-06-25 13:22:27,418 [INFO] Checking Slide 158
2025-06-25 13:22:27,423 [INFO] Checking Slide 159
2025-06-25 13:22:27,426 [INFO] Checking Slide 160
2025-06-25 13:22:27,429 [INFO] Checking Slide 161
2025-06-25 13:22:27,435 [INFO] Checking Slide 162
2025-06-25 13:22:27,439 [INFO] Checking Slide 163
2025-06-25 13:22:27,452 [INFO] Checking Slide 164
2025-06-25 13:22:27,457 [INFO] Checking Slide 165
2025-06-25 13:22:27,464 [INFO] Checking Slide 166
2025-06-25 13:22:27,470 [INFO] Checking Slide 167
2025-06-25 13:22:27,480 [INFO] Checking Slide 168
2025-06-25 13:22:27,486 [INFO] Checking Slide 169
2025-06-25 13:22:27,489 [INFO] Checking Slide 170
2025-06-25 13:22:27,492 [INFO] Checking Slide 171
2025-06-25 13:22:27,493 [INFO] Checking Slide 172
2025-06-25 13:22:27,499 [INFO] Checking Slide 173
2025-06-25 13:22:27,505 [INFO] Checking Slide 174
2025-06-25 13:22:27,514 [INFO] Checking Slide 175
2025-06-25 13:22:27,534 [INFO] Checking Slide 176
2025-06-25 13:22:27,540 [INFO] Checking Slide 177
2025-06-25 13:22:27,542 [INFO] Checking Slide 178
2025-06-25 13:22:27,545 [INFO] Checking Slide 179
2025-06-25 13:22:27,547 [INFO] Checking Slide 180
2025-06-25 13:22:27,548 [INFO] Checking Slide 181
2025-06-25 13:22:27,551 [INFO] Checking Slide 182
2025-06-25 13:22:27,554 [INFO] Checking Slide 183
2025-06-25 13:22:27,555 [INFO] Checking Slide 184
2025-06-25 13:22:27,557 [INFO] Checking Slide 185
2025-06-25 13:22:27,560 [INFO] Checking Slide 186
2025-06-25 13:22:27,569 [INFO] Checking Slide 187
2025-06-25 13:22:27,573 [INFO] Checking Slide 188
2025-06-25 13:22:27,576 [INFO] Checking Slide 189
2025-06-25 13:22:27,583 [INFO] Checking Slide 190
2025-06-25 13:22:27,587 [INFO] Checking Slide 191
2025-06-25 13:22:27,589 [INFO] Checking Slide 192
2025-06-25 13:22:27,590 [INFO] Checking Slide 193
2025-06-25 13:22:27,591 [INFO] Checking Slide 194
2025-06-25 13:22:27,593 [INFO] Checking Slide 195
2025-06-25 13:22:27,597 [INFO] Checking Slide 196
2025-06-25 13:22:27,604 [INFO] Checking Slide 197
2025-06-25 13:22:27,631 [INFO] Checking Slide 198
2025-06-25 13:22:27,638 [INFO] Checking Slide 199
2025-06-25 13:22:27,640 [INFO] Checking Slide 200
2025-06-25 13:22:27,642 [INFO] Checking Slide 201
2025-06-25 13:22:27,653 [INFO] Checking Slide 202
2025-06-25 13:22:27,656 [INFO] Checking Slide 203
2025-06-25 13:22:27,661 [INFO] Checking Slide 204
2025-06-25 13:22:27,672 [INFO] Checking Slide 205
2025-06-25 13:22:27,675 [INFO] Checking Slide 206
2025-06-25 13:22:27,682 [INFO] Checking Slide 207
2025-06-25 13:22:27,692 [INFO] Checking Slide 208
2025-06-25 13:22:27,711 [INFO] Checking Slide 209
2025-06-25 13:22:27,718 [INFO] Checking Slide 210
2025-06-25 13:22:27,720 [INFO] Checking Slide 211
2025-06-25 13:22:27,723 [INFO] Checking Slide 212
2025-06-25 13:22:27,728 [INFO] Checking Slide 213
2025-06-25 13:22:27,733 [INFO] Checking Slide 214
2025-06-25 13:22:27,735 [INFO] Checking Slide 215
2025-06-25 13:22:27,737 [INFO] Checking Slide 216
2025-06-25 13:22:27,742 [INFO] Checking Slide 217
2025-06-25 13:22:27,745 [INFO] Checking Slide 218
2025-06-25 13:22:27,747 [INFO] Checking Slide 219
2025-06-25 13:22:27,762 [INFO] Checking Slide 220
2025-06-25 13:22:27,768 [INFO] Checking Slide 221
2025-06-25 13:22:27,773 [INFO] Checking Slide 222
2025-06-25 13:22:27,777 [INFO] Checking Slide 223
2025-06-25 13:22:27,781 [INFO] Checking Slide 224
2025-06-25 13:22:27,783 [INFO] Checking Slide 225
2025-06-25 13:22:27,785 [INFO] Checking Slide 226
2025-06-25 13:22:27,788 [INFO] Checking Slide 227
2025-06-25 13:22:27,791 [INFO] Checking Slide 228
2025-06-25 13:22:27,792 [INFO] Checking Slide 229
2025-06-25 13:22:27,795 [INFO] Checking Slide 230
2025-06-25 13:22:27,798 [INFO] Checking Slide 231
2025-06-25 13:22:27,804 [INFO] Checking Slide 232
2025-06-25 13:22:27,808 [INFO] Checking Slide 233
2025-06-25 13:22:27,813 [INFO] Checking Slide 234
2025-06-25 13:22:27,815 [INFO] Checking Slide 235
2025-06-25 13:22:27,819 [INFO] Checking Slide 236
2025-06-25 13:22:27,823 [INFO] Checking Slide 237
2025-06-25 13:22:27,824 [INFO] Checking Slide 238
2025-06-25 13:22:27,825 [INFO] Checking Slide 239
2025-06-25 13:22:27,827 [INFO] Checking Slide 240
2025-06-25 13:22:27,828 [INFO] Checking Slide 241
2025-06-25 13:22:27,830 [INFO] Checking Slide 242
2025-06-25 13:22:27,832 [INFO] Checking Slide 243
2025-06-25 13:22:27,834 [INFO] Checking Slide 244
2025-06-25 13:22:27,836 [INFO] Checking Slide 245
2025-06-25 13:22:27,838 [INFO] Checking Slide 246
2025-06-25 13:22:27,839 [INFO] Checking Slide 247
2025-06-25 13:22:27,840 [INFO] Checking Slide 248
2025-06-25 13:22:27,841 [INFO] Checking Slide 249
2025-06-25 13:22:27,842 [INFO] Checking Slide 250
2025-06-25 13:22:27,848 [INFO] Checking Slide 251
2025-06-25 13:22:27,850 [INFO] Checking Slide 252
2025-06-25 13:22:27,851 [INFO] Checking Slide 253
2025-06-25 13:22:27,851 [INFO] Checking Slide 254
2025-06-25 13:22:27,852 [INFO] Checking Slide 255
2025-06-25 13:22:27,853 [INFO] Checking Slide 256
2025-06-25 13:22:27,853 [INFO] Checking Slide 257
2025-06-25 13:22:27,854 [INFO] Checking Slide 258
2025-06-25 13:22:27,855 [INFO] Checking Slide 259
2025-06-25 13:22:27,855 [INFO] Checking Slide 260
2025-06-25 16:56:49,676 [INFO] Received file upload: 2024-04-14 Fujitsu Private GPT Solution Training - JPA - Madrid Version.pptx
2025-06-25 16:56:52,041 [INFO] Checking Slide 1
2025-06-25 16:56:52,048 [INFO] Checking Slide 2
2025-06-25 16:56:52,049 [INFO] Checking Slide 3
2025-06-25 16:56:52,053 [INFO] Checking Slide 4
2025-06-25 16:56:52,056 [INFO] Checking Slide 5
2025-06-25 16:56:52,058 [INFO] Checking Slide 6
2025-06-25 16:56:52,060 [INFO] Checking Slide 7
2025-06-25 16:56:52,062 [INFO] Checking Slide 8
2025-06-25 16:56:52,064 [INFO] Checking Slide 9
2025-06-25 16:56:52,065 [INFO] Checking Slide 10
2025-06-25 16:56:52,066 [INFO] Checking Slide 11
2025-06-25 16:56:52,067 [INFO] Checking Slide 12
2025-06-25 16:56:52,068 [INFO] Checking Slide 13
2025-06-25 16:56:52,069 [INFO] Checking Slide 14
2025-06-25 16:56:52,070 [INFO] Checking Slide 15
2025-06-25 16:56:52,072 [INFO] Checking Slide 16
2025-06-25 16:56:52,075 [INFO] Checking Slide 17
2025-06-25 16:56:52,077 [INFO] Checking Slide 18
2025-06-25 16:56:52,084 [INFO] Checking Slide 19
2025-06-25 16:56:52,088 [INFO] Checking Slide 20
2025-06-25 16:56:52,089 [INFO] Checking Slide 21
2025-06-25 16:56:52,092 [INFO] Checking Slide 22
2025-06-25 16:56:52,096 [INFO] Checking Slide 23
2025-06-25 16:56:52,101 [INFO] Checking Slide 24
2025-06-25 16:56:52,107 [INFO] Checking Slide 25
2025-06-25 16:56:52,111 [INFO] Checking Slide 26
2025-06-25 16:56:52,113 [INFO] Checking Slide 27
2025-06-25 16:56:52,116 [INFO] Checking Slide 28
2025-06-25 16:56:52,118 [INFO] Checking Slide 29
2025-06-25 16:56:52,121 [INFO] Checking Slide 30
2025-06-25 16:56:52,123 [INFO] Checking Slide 31
2025-06-25 16:56:52,125 [INFO] Checking Slide 32
2025-06-25 16:56:52,127 [INFO] Checking Slide 33
2025-06-25 16:56:52,128 [INFO] Checking Slide 34
2025-06-25 16:56:52,130 [INFO] Checking Slide 35
2025-06-25 16:56:52,131 [INFO] Checking Slide 36
2025-06-25 16:56:52,132 [INFO] Checking Slide 37
2025-06-25 16:56:52,135 [INFO] Checking Slide 38
2025-06-25 16:56:52,137 [INFO] Checking Slide 39
2025-06-25 16:56:52,138 [INFO] Checking Slide 40
2025-06-25 16:56:52,140 [INFO] Checking Slide 41
2025-06-25 16:56:52,143 [INFO] Checking Slide 42
2025-06-25 16:56:52,145 [INFO] Checking Slide 43
2025-06-25 16:56:52,150 [INFO] Checking Slide 44
2025-06-25 16:56:52,166 [INFO] Checking Slide 45
2025-06-25 16:56:52,560 [INFO] Checking Slide 46
2025-06-25 16:56:52,562 [INFO] Checking Slide 47
2025-06-25 16:56:52,564 [INFO] Checking Slide 48
2025-06-25 16:56:52,565 [INFO] Checking Slide 49
2025-06-25 16:56:52,568 [INFO] Checking Slide 50
2025-06-25 16:56:52,570 [INFO] Checking Slide 51
2025-06-25 16:56:52,573 [INFO] Checking Slide 52
2025-06-25 16:56:52,575 [INFO] Checking Slide 53
2025-06-25 16:56:52,577 [INFO] Checking Slide 54
2025-06-25 16:56:52,578 [INFO] Checking Slide 55
2025-06-25 16:56:52,582 [INFO] Checking Slide 56
2025-06-25 16:56:53,914 [INFO] Checking Slide 57
2025-06-25 16:56:53,916 [INFO] Checking Slide 58
2025-06-25 16:56:53,921 [INFO] Checking Slide 59
2025-06-25 16:56:53,925 [INFO] Checking Slide 60
2025-06-25 16:56:53,930 [INFO] Checking Slide 61
2025-06-25 16:56:53,932 [INFO] Checking Slide 62
2025-06-25 16:56:53,934 [INFO] Checking Slide 63
2025-06-25 16:56:54,233 [INFO] Checking Slide 64
2025-06-25 16:56:54,234 [INFO] Checking Slide 65
2025-06-25 16:56:54,235 [INFO] Checking Slide 66
2025-06-25 16:56:54,236 [INFO] Checking Slide 67
2025-06-25 16:56:54,237 [INFO] Checking Slide 68
2025-06-25 16:56:54,238 [INFO] Checking Slide 69
2025-06-25 16:56:54,239 [INFO] Checking Slide 70
2025-06-25 16:56:54,240 [INFO] Checking Slide 71
2025-06-25 16:56:54,241 [INFO] Checking Slide 72
2025-06-25 16:56:54,241 [INFO] Checking Slide 73
2025-06-25 16:56:54,242 [INFO] Checking Slide 74
2025-06-25 16:56:54,244 [INFO] Checking Slide 75
2025-06-25 16:56:54,245 [INFO] Checking Slide 76
2025-06-25 16:56:54,246 [INFO] Checking Slide 77
2025-06-25 16:56:54,247 [INFO] Checking Slide 78
2025-06-25 16:56:54,248 [INFO] Checking Slide 79
2025-06-25 16:56:54,248 [INFO] Checking Slide 80
2025-06-25 16:56:54,249 [INFO] Checking Slide 81
2025-06-25 16:56:54,250 [INFO] Checking Slide 82
2025-06-25 16:56:54,322 [INFO] Checking Slide 83
2025-06-25 16:56:54,330 [INFO] Checking Slide 84
2025-06-25 16:56:54,333 [INFO] Checking Slide 85
2025-06-25 16:56:54,340 [INFO] Checking Slide 86
2025-06-25 16:56:54,349 [INFO] Checking Slide 87
2025-06-25 16:56:54,351 [INFO] Checking Slide 88
2025-06-25 16:56:54,352 [INFO] Checking Slide 89
2025-06-25 16:56:54,353 [INFO] Checking Slide 90
2025-06-25 16:56:54,354 [INFO] Checking Slide 91
2025-06-25 16:56:54,448 [INFO] Checking Slide 92
2025-06-25 16:56:54,511 [INFO] Checking Slide 93
2025-06-25 16:56:55,266 [INFO] Checking Slide 94
2025-06-25 16:56:55,267 [INFO] Checking Slide 95
2025-06-25 16:56:55,267 [INFO] Checking Slide 96
2025-06-25 16:56:55,268 [INFO] Checking Slide 97
2025-06-25 16:56:58,140 [INFO] Checking Slide 98
2025-06-25 16:56:58,142 [INFO] Checking Slide 99
2025-06-25 16:56:58,143 [INFO] Checking Slide 100
2025-06-25 16:56:58,144 [INFO] Checking Slide 101
2025-06-25 16:56:58,144 [INFO] Checking Slide 102
2025-06-25 16:56:58,145 [INFO] Checking Slide 103
2025-06-25 16:56:58,146 [INFO] Checking Slide 104
2025-06-25 16:56:58,147 [INFO] Checking Slide 105
2025-06-25 16:56:58,148 [INFO] Checking Slide 106
2025-06-25 16:56:58,150 [INFO] Checking Slide 107
2025-06-25 16:56:58,153 [INFO] Checking Slide 108
2025-06-25 16:56:58,155 [INFO] Checking Slide 109
2025-06-25 16:56:58,156 [INFO] Checking Slide 110
2025-06-25 16:56:58,159 [INFO] Checking Slide 111
2025-06-25 16:56:58,161 [INFO] Checking Slide 112
2025-06-25 16:56:58,164 [INFO] Checking Slide 113
2025-06-25 16:56:58,166 [INFO] Checking Slide 114
2025-06-25 16:56:58,167 [INFO] Checking Slide 115
2025-06-25 16:56:58,170 [INFO] Checking Slide 116
2025-06-25 16:56:58,174 [INFO] Checking Slide 117
2025-06-25 16:56:58,175 [INFO] Checking Slide 118
2025-06-25 16:56:58,274 [INFO] Checking Slide 119
2025-06-25 16:56:58,275 [INFO] Checking Slide 120
2025-06-25 16:56:58,276 [INFO] Checking Slide 121
2025-06-25 16:57:08,159 [INFO] Checking Slide 122
2025-06-25 16:57:08,325 [INFO] Checking Slide 123
2025-06-25 16:57:20,441 [INFO] Checking Slide 124
2025-06-25 16:57:20,443 [INFO] Checking Slide 125
2025-06-25 16:57:20,443 [INFO] Checking Slide 126
2025-06-25 16:57:20,444 [INFO] Checking Slide 127
2025-06-25 16:57:20,446 [INFO] Checking Slide 128
2025-06-25 16:57:20,448 [INFO] Checking Slide 129
2025-06-25 16:57:20,449 [INFO] Checking Slide 130
2025-06-25 16:57:21,829 [INFO] Checking Slide 131
2025-06-25 16:57:23,077 [INFO] Checking Slide 132
2025-06-25 16:57:23,082 [INFO] Checking Slide 133
2025-06-25 16:57:23,086 [INFO] Checking Slide 134
2025-06-25 16:57:23,087 [INFO] Checking Slide 135
2025-06-25 16:57:23,090 [INFO] Checking Slide 136
2025-06-25 16:57:23,091 [INFO] Checking Slide 137
2025-06-25 16:57:23,093 [INFO] Checking Slide 138
2025-06-25 16:57:23,097 [INFO] Checking Slide 139
2025-06-25 16:57:23,098 [INFO] Checking Slide 140
2025-06-25 16:57:23,099 [INFO] Checking Slide 141
2025-06-25 16:57:23,100 [INFO] Checking Slide 142
2025-06-25 16:57:23,102 [INFO] Checking Slide 143
2025-06-25 16:57:23,103 [INFO] Checking Slide 144
2025-06-25 16:57:23,106 [INFO] Checking Slide 145
2025-06-25 16:57:25,013 [INFO] Checking Slide 146
2025-06-25 16:57:25,014 [INFO] Checking Slide 147
2025-06-25 16:57:25,016 [INFO] Checking Slide 148
2025-06-25 16:57:25,017 [INFO] Checking Slide 149
2025-06-25 16:57:25,018 [INFO] Checking Slide 150
2025-06-25 16:57:25,019 [INFO] Checking Slide 151
2025-06-25 16:57:25,021 [INFO] Checking Slide 152
2025-06-25 16:57:25,022 [INFO] Checking Slide 153
2025-06-25 16:57:25,023 [INFO] Checking Slide 154
2025-06-25 16:57:25,023 [INFO] Checking Slide 155
2025-06-25 16:57:25,025 [INFO] Checking Slide 156
2025-06-25 16:57:25,027 [INFO] Checking Slide 157
2025-06-25 16:57:25,028 [INFO] Checking Slide 158
2025-06-25 16:57:25,035 [INFO] Checking Slide 159
2025-06-25 16:57:25,038 [INFO] Checking Slide 160
2025-06-25 16:57:25,041 [INFO] Checking Slide 161
2025-06-25 16:57:25,047 [INFO] Checking Slide 162
2025-06-25 16:57:25,050 [INFO] Checking Slide 163
2025-06-25 16:57:25,055 [INFO] Checking Slide 164
2025-06-25 16:57:25,060 [INFO] Checking Slide 165
2025-06-25 16:57:25,066 [INFO] Checking Slide 166
2025-06-25 16:57:25,073 [INFO] Checking Slide 167
2025-06-25 16:57:25,080 [INFO] Checking Slide 168
2025-06-25 16:57:25,082 [INFO] Checking Slide 169
2025-06-25 16:57:25,083 [INFO] Checking Slide 170
2025-06-25 16:57:25,084 [INFO] Checking Slide 171
2025-06-25 16:57:25,085 [INFO] Checking Slide 172
2025-06-25 16:57:25,088 [INFO] Checking Slide 173
2025-06-25 16:57:25,090 [INFO] Checking Slide 174
2025-06-25 16:57:25,095 [INFO] Checking Slide 175
2025-06-25 16:57:25,111 [INFO] Checking Slide 176
2025-06-25 16:57:25,116 [INFO] Checking Slide 177
2025-06-25 16:57:25,117 [INFO] Checking Slide 178
2025-06-25 16:57:25,119 [INFO] Checking Slide 179
2025-06-25 16:57:25,122 [INFO] Checking Slide 180
2025-06-25 16:57:25,124 [INFO] Checking Slide 181
2025-06-25 16:57:25,126 [INFO] Checking Slide 182
2025-06-25 16:57:25,127 [INFO] Checking Slide 183
2025-06-25 16:57:25,128 [INFO] Checking Slide 184
2025-06-25 16:57:25,130 [INFO] Checking Slide 185
2025-06-25 16:57:25,133 [INFO] Checking Slide 186
2025-06-25 16:57:25,139 [INFO] Checking Slide 187
2025-06-25 16:57:25,144 [INFO] Checking Slide 188
2025-06-25 16:57:25,148 [INFO] Checking Slide 189
2025-06-25 16:57:25,156 [INFO] Checking Slide 190
2025-06-25 16:57:25,163 [INFO] Checking Slide 191
2025-06-25 16:57:25,165 [INFO] Checking Slide 192
2025-06-25 16:57:25,167 [INFO] Checking Slide 193
2025-06-25 16:57:25,169 [INFO] Checking Slide 194
2025-06-25 16:57:25,172 [INFO] Checking Slide 195
2025-06-25 16:57:25,176 [INFO] Checking Slide 196
2025-06-25 16:57:25,183 [INFO] Checking Slide 197
2025-06-25 16:57:25,216 [INFO] Checking Slide 198
2025-06-25 16:57:25,228 [INFO] Checking Slide 199
2025-06-25 16:57:25,229 [INFO] Checking Slide 200
2025-06-25 16:57:25,230 [INFO] Checking Slide 201
2025-06-25 16:57:25,238 [INFO] Checking Slide 202
2025-06-25 16:57:25,241 [INFO] Checking Slide 203
2025-06-25 16:57:26,859 [INFO] Checking Slide 204
2025-06-25 16:57:26,866 [INFO] Checking Slide 205
2025-06-25 16:57:26,869 [INFO] Checking Slide 206
2025-06-25 16:57:26,875 [INFO] Checking Slide 207
2025-06-25 16:57:26,884 [INFO] Checking Slide 208
2025-06-25 16:57:26,902 [INFO] Checking Slide 209
2025-06-25 16:57:26,907 [INFO] Checking Slide 210
2025-06-25 16:57:26,908 [INFO] Checking Slide 211
2025-06-25 16:57:26,910 [INFO] Checking Slide 212
2025-06-25 16:57:26,915 [INFO] Checking Slide 213
2025-06-25 16:57:26,917 [INFO] Checking Slide 214
2025-06-25 16:57:26,919 [INFO] Checking Slide 215
2025-06-25 16:57:26,920 [INFO] Checking Slide 216
2025-06-25 16:57:26,923 [INFO] Checking Slide 217
2025-06-25 16:57:26,926 [INFO] Checking Slide 218
2025-06-25 16:57:26,927 [INFO] Checking Slide 219
2025-06-25 16:57:26,939 [INFO] Checking Slide 220
2025-06-25 16:57:26,944 [INFO] Checking Slide 221
2025-06-25 16:57:26,945 [INFO] Checking Slide 222
2025-06-25 16:57:26,946 [INFO] Checking Slide 223
2025-06-25 16:57:26,947 [INFO] Checking Slide 224
2025-06-25 16:57:26,948 [INFO] Checking Slide 225
2025-06-25 16:57:26,950 [INFO] Checking Slide 226
2025-06-25 16:57:26,952 [INFO] Checking Slide 227
2025-06-25 16:57:26,955 [INFO] Checking Slide 228
2025-06-25 16:57:26,957 [INFO] Checking Slide 229
2025-06-25 16:57:26,960 [INFO] Checking Slide 230
2025-06-25 16:57:26,962 [INFO] Checking Slide 231
2025-06-25 16:57:26,965 [INFO] Checking Slide 232
2025-06-25 16:57:26,968 [INFO] Checking Slide 233
2025-06-25 16:57:26,971 [INFO] Checking Slide 234
2025-06-25 16:57:26,972 [INFO] Checking Slide 235
2025-06-25 16:57:26,975 [INFO] Checking Slide 236
2025-06-25 16:57:26,978 [INFO] Checking Slide 237
2025-06-25 16:57:26,979 [INFO] Checking Slide 238
2025-06-25 16:57:26,980 [INFO] Checking Slide 239
2025-06-25 16:57:26,982 [INFO] Checking Slide 240
2025-06-25 16:57:26,984 [INFO] Checking Slide 241
2025-06-25 16:57:26,985 [INFO] Checking Slide 242
2025-06-25 16:57:26,987 [INFO] Checking Slide 243
2025-06-25 16:57:26,989 [INFO] Checking Slide 244
2025-06-25 16:57:26,992 [INFO] Checking Slide 245
2025-06-25 16:57:26,994 [INFO] Checking Slide 246
2025-06-25 16:57:26,996 [INFO] Checking Slide 247
2025-06-25 16:57:26,997 [INFO] Checking Slide 248
2025-06-25 16:57:26,998 [INFO] Checking Slide 249
2025-06-25 16:57:27,000 [INFO] Checking Slide 250
2025-06-25 16:57:29,583 [INFO] Checking Slide 251
2025-06-25 16:57:29,584 [INFO] Checking Slide 252
2025-06-25 16:57:29,585 [INFO] Checking Slide 253
2025-06-25 16:57:29,585 [INFO] Checking Slide 254
2025-06-25 16:57:29,586 [INFO] Checking Slide 255
2025-06-25 16:57:29,586 [INFO] Checking Slide 256
2025-06-25 16:57:29,587 [INFO] Checking Slide 257
2025-06-25 16:57:29,587 [INFO] Checking Slide 258
2025-06-25 16:57:29,588 [INFO] Checking Slide 259
2025-06-25 16:57:29,589 [INFO] Checking Slide 260
